<?xml version="1.0" encoding="UTF-8"?>
<testng-results ignored="0" total="1" passed="1" failed="0" skipped="0">
  <reporter-output>
  </reporter-output>
  <suite started-at="2024-03-16T18:30:32 AEDT" name="Suite" finished-at="2024-03-16T18:30:42 AEDT" duration-ms="10070">
    <groups>
    </groups>
    <test started-at="2024-03-16T18:30:32 AEDT" name="Test" finished-at="2024-03-16T18:30:42 AEDT" duration-ms="10070">
      <class name="tests.test1">
        <test-method is-config="true" signature="driverSetUp()[pri:0, instance:tests.test1@6973b51b]" started-at="2024-03-16T18:30:32 AEDT" name="driverSetUp" finished-at="2024-03-16T18:30:35 AEDT" duration-ms="3401" status="PASS">
          <reporter-output>
          </reporter-output>
        </test-method> <!-- driverSetUp -->
        <test-method signature="launchApplication()[pri:0, instance:tests.test1@6973b51b]" started-at="2024-03-16T18:30:35 AEDT" name="launchApplication" finished-at="2024-03-16T18:30:42 AEDT" duration-ms="6618" status="PASS">
          <reporter-output>
          </reporter-output>
        </test-method> <!-- launchApplication -->
      </class> <!-- tests.test1 -->
    </test> <!-- Test -->
  </suite> <!-- Suite -->
</testng-results>
