<?xml version="1.0" encoding="UTF-8"?>
<testng-results ignored="0" total="1" passed="1" failed="0" skipped="0">
  <reporter-output>
  </reporter-output>
  <suite started-at="2024-03-16T17:52:08 AEDT" name="Suite" finished-at="2024-03-16T17:52:17 AEDT" duration-ms="8749">
    <groups>
    </groups>
    <test started-at="2024-03-16T17:52:08 AEDT" name="Test" finished-at="2024-03-16T17:52:17 AEDT" duration-ms="8749">
      <class name="tests.test1">
        <test-method is-config="true" signature="driverSetUp()[pri:0, instance:tests.test1@71ba6d4e]" started-at="2024-03-16T17:52:08 AEDT" name="driverSetUp" finished-at="2024-03-16T17:52:11 AEDT" duration-ms="2858" status="PASS">
          <reporter-output>
          </reporter-output>
        </test-method> <!-- driverSetUp -->
        <test-method signature="launchApplication()[pri:0, instance:tests.test1@71ba6d4e]" started-at="2024-03-16T17:52:11 AEDT" name="launchApplication" finished-at="2024-03-16T17:52:17 AEDT" duration-ms="5842" status="PASS">
          <reporter-output>
          </reporter-output>
        </test-method> <!-- launchApplication -->
      </class> <!-- tests.test1 -->
    </test> <!-- Test -->
  </suite> <!-- Suite -->
</testng-results>
